{"E:\\Intershala_Assesment\\Global_Trend_FullStack_Assignment\\task-manager\\backend\\src\\app.js": {"path":"E:\\Intershala_Assesment\\Global_Trend_FullStack_Assignment\\task-manager\\backend\\src\\app.js","statementMap":{"0":{"start":{"line":1,"column":16},"end":{"line":1,"column":34}},"1":{"start":{"line":2,"column":13},"end":{"line":2,"column":28}},"2":{"start":{"line":3,"column":19},"end":{"line":3,"column":47}},"3":{"start":{"line":4,"column":21},"end":{"line":4,"column":60}},"4":{"start":{"line":6,"column":12},"end":{"line":6,"column":21}},"5":{"start":{"line":8,"column":0},"end":{"line":8,"column":16}},"6":{"start":{"line":9,"column":0},"end":{"line":9,"column":24}},"7":{"start":{"line":11,"column":0},"end":{"line":13,"column":3}},"8":{"start":{"line":12,"column":2},"end":{"line":12,"column":75}},"9":{"start":{"line":15,"column":0},"end":{"line":15,"column":30}},"10":{"start":{"line":17,"column":0},"end":{"line":17,"column":22}},"11":{"start":{"line":19,"column":0},"end":{"line":19,"column":21}}},"fnMap":{"0":{"name":"(anonymous_0)","decl":{"start":{"line":11,"column":13},"end":{"line":11,"column":14}},"loc":{"start":{"line":11,"column":27},"end":{"line":13,"column":1}},"line":11}},"branchMap":{},"s":{"0":1,"1":1,"2":1,"3":1,"4":1,"5":1,"6":1,"7":1,"8":0,"9":1,"10":1,"11":1},"f":{"0":0},"b":{},"_coverageSchema":"1a1c01bbd47fc00a2c39e90264f33305004495a9","hash":"b6f83f3d5fb231acb264581c4914bb136f1c575a"}
,"E:\\Intershala_Assesment\\Global_Trend_FullStack_Assignment\\task-manager\\backend\\src\\index.js": {"path":"E:\\Intershala_Assesment\\Global_Trend_FullStack_Assignment\\task-manager\\backend\\src\\index.js","statementMap":{"0":{"start":{"line":1,"column":12},"end":{"line":1,"column":28}},"1":{"start":{"line":2,"column":0},"end":{"line":2,"column":27}},"2":{"start":{"line":4,"column":13},"end":{"line":4,"column":37}},"3":{"start":{"line":6,"column":0},"end":{"line":8,"column":3}},"4":{"start":{"line":7,"column":2},"end":{"line":7,"column":58}}},"fnMap":{"0":{"name":"(anonymous_0)","decl":{"start":{"line":6,"column":17},"end":{"line":6,"column":18}},"loc":{"start":{"line":6,"column":23},"end":{"line":8,"column":1}},"line":6}},"branchMap":{"0":{"loc":{"start":{"line":4,"column":13},"end":{"line":4,"column":37}},"type":"binary-expr","locations":[{"start":{"line":4,"column":13},"end":{"line":4,"column":29}},{"start":{"line":4,"column":33},"end":{"line":4,"column":37}}],"line":4}},"s":{"0":0,"1":0,"2":0,"3":0,"4":0},"f":{"0":0},"b":{"0":[0,0]}}
,"E:\\Intershala_Assesment\\Global_Trend_FullStack_Assignment\\task-manager\\backend\\src\\store.js": {"path":"E:\\Intershala_Assesment\\Global_Trend_FullStack_Assignment\\task-manager\\backend\\src\\store.js","statementMap":{"0":{"start":{"line":1,"column":23},"end":{"line":1,"column":38}},"1":{"start":{"line":2,"column":11},"end":{"line":2,"column":24}},"2":{"start":{"line":3,"column":13},"end":{"line":3,"column":28}},"3":{"start":{"line":5,"column":18},"end":{"line":5,"column":60}},"4":{"start":{"line":8,"column":14},"end":{"line":8,"column":37}},"5":{"start":{"line":9,"column":2},"end":{"line":9,"column":66}},"6":{"start":{"line":9,"column":27},"end":{"line":9,"column":66}},"7":{"start":{"line":10,"column":2},"end":{"line":10,"column":81}},"8":{"start":{"line":10,"column":33},"end":{"line":10,"column":81}},"9":{"start":{"line":14,"column":2},"end":{"line":14,"column":19}},"10":{"start":{"line":15,"column":2},"end":{"line":19,"column":3}},"11":{"start":{"line":16,"column":4},"end":{"line":16,"column":59}},"12":{"start":{"line":18,"column":4},"end":{"line":18,"column":14}},"13":{"start":{"line":23,"column":2},"end":{"line":23,"column":19}},"14":{"start":{"line":24,"column":2},"end":{"line":24,"column":62}},"15":{"start":{"line":27,"column":14},"end":{"line":63,"column":1}},"16":{"start":{"line":28,"column":16},"end":{"line":28,"column":27}},"17":{"start":{"line":30,"column":19},"end":{"line":30,"column":55}},"18":{"start":{"line":30,"column":43},"end":{"line":30,"column":54}},"19":{"start":{"line":33,"column":18},"end":{"line":33,"column":29}},"20":{"start":{"line":34,"column":17},"end":{"line":40,"column":5}},"21":{"start":{"line":41,"column":4},"end":{"line":41,"column":21}},"22":{"start":{"line":42,"column":4},"end":{"line":42,"column":21}},"23":{"start":{"line":43,"column":4},"end":{"line":43,"column":16}},"24":{"start":{"line":47,"column":18},"end":{"line":47,"column":29}},"25":{"start":{"line":48,"column":18},"end":{"line":48,"column":53}},"26":{"start":{"line":48,"column":41},"end":{"line":48,"column":52}},"27":{"start":{"line":49,"column":4},"end":{"line":49,"column":34}},"28":{"start":{"line":49,"column":22},"end":{"line":49,"column":34}},"29":{"start":{"line":50,"column":4},"end":{"line":50,"column":50}},"30":{"start":{"line":51,"column":4},"end":{"line":51,"column":21}},"31":{"start":{"line":52,"column":4},"end":{"line":52,"column":24}},"32":{"start":{"line":56,"column":18},"end":{"line":56,"column":29}},"33":{"start":{"line":57,"column":18},"end":{"line":57,"column":53}},"34":{"start":{"line":57,"column":41},"end":{"line":57,"column":52}},"35":{"start":{"line":58,"column":4},"end":{"line":58,"column":35}},"36":{"start":{"line":58,"column":22},"end":{"line":58,"column":35}},"37":{"start":{"line":59,"column":4},"end":{"line":59,"column":27}},"38":{"start":{"line":60,"column":4},"end":{"line":60,"column":21}},"39":{"start":{"line":61,"column":4},"end":{"line":61,"column":16}},"40":{"start":{"line":65,"column":0},"end":{"line":65,"column":23}}},"fnMap":{"0":{"name":"ensureDataFile","decl":{"start":{"line":7,"column":9},"end":{"line":7,"column":23}},"loc":{"start":{"line":7,"column":26},"end":{"line":11,"column":1}},"line":7},"1":{"name":"loadTasks","decl":{"start":{"line":13,"column":9},"end":{"line":13,"column":18}},"loc":{"start":{"line":13,"column":21},"end":{"line":20,"column":1}},"line":13},"2":{"name":"saveTasks","decl":{"start":{"line":22,"column":9},"end":{"line":22,"column":18}},"loc":{"start":{"line":22,"column":26},"end":{"line":25,"column":1}},"line":22},"3":{"name":"(anonymous_3)","decl":{"start":{"line":28,"column":10},"end":{"line":28,"column":11}},"loc":{"start":{"line":28,"column":16},"end":{"line":28,"column":27}},"line":28},"4":{"name":"(anonymous_4)","decl":{"start":{"line":30,"column":11},"end":{"line":30,"column":12}},"loc":{"start":{"line":30,"column":19},"end":{"line":30,"column":55}},"line":30},"5":{"name":"(anonymous_5)","decl":{"start":{"line":30,"column":36},"end":{"line":30,"column":37}},"loc":{"start":{"line":30,"column":43},"end":{"line":30,"column":54}},"line":30},"6":{"name":"(anonymous_6)","decl":{"start":{"line":32,"column":10},"end":{"line":32,"column":11}},"loc":{"start":{"line":32,"column":43},"end":{"line":44,"column":3}},"line":32},"7":{"name":"(anonymous_7)","decl":{"start":{"line":46,"column":10},"end":{"line":46,"column":11}},"loc":{"start":{"line":46,"column":26},"end":{"line":53,"column":3}},"line":46},"8":{"name":"(anonymous_8)","decl":{"start":{"line":48,"column":34},"end":{"line":48,"column":35}},"loc":{"start":{"line":48,"column":41},"end":{"line":48,"column":52}},"line":48},"9":{"name":"(anonymous_9)","decl":{"start":{"line":55,"column":10},"end":{"line":55,"column":11}},"loc":{"start":{"line":55,"column":18},"end":{"line":62,"column":3}},"line":55},"10":{"name":"(anonymous_10)","decl":{"start":{"line":57,"column":34},"end":{"line":57,"column":35}},"loc":{"start":{"line":57,"column":41},"end":{"line":57,"column":52}},"line":57}},"branchMap":{"0":{"loc":{"start":{"line":9,"column":2},"end":{"line":9,"column":66}},"type":"if","locations":[{"start":{"line":9,"column":2},"end":{"line":9,"column":66}},{"start":{},"end":{}}],"line":9},"1":{"loc":{"start":{"line":10,"column":2},"end":{"line":10,"column":81}},"type":"if","locations":[{"start":{"line":10,"column":2},"end":{"line":10,"column":81}},{"start":{},"end":{}}],"line":10},"2":{"loc":{"start":{"line":32,"column":20},"end":{"line":32,"column":36}},"type":"default-arg","locations":[{"start":{"line":32,"column":34},"end":{"line":32,"column":36}}],"line":32},"3":{"loc":{"start":{"line":49,"column":4},"end":{"line":49,"column":34}},"type":"if","locations":[{"start":{"line":49,"column":4},"end":{"line":49,"column":34}},{"start":{},"end":{}}],"line":49},"4":{"loc":{"start":{"line":58,"column":4},"end":{"line":58,"column":35}},"type":"if","locations":[{"start":{"line":58,"column":4},"end":{"line":58,"column":35}},{"start":{},"end":{}}],"line":58}},"s":{"0":1,"1":1,"2":1,"3":1,"4":62,"5":62,"6":0,"7":62,"8":0,"9":40,"10":40,"11":40,"12":0,"13":22,"14":22,"15":1,"16":14,"17":3,"18":2,"19":8,"20":8,"21":8,"22":8,"23":8,"24":4,"25":4,"26":6,"27":4,"28":0,"29":4,"30":4,"31":4,"32":11,"33":11,"34":10,"35":11,"36":1,"37":10,"38":10,"39":10,"40":1},"f":{"0":62,"1":40,"2":22,"3":14,"4":3,"5":2,"6":8,"7":4,"8":6,"9":11,"10":10},"b":{"0":[0,62],"1":[0,62],"2":[8],"3":[0,4],"4":[1,10]},"_coverageSchema":"1a1c01bbd47fc00a2c39e90264f33305004495a9","hash":"8c7366d83c4cdae6662ffb2b25f3af8da55b50d3"}
,"E:\\Intershala_Assesment\\Global_Trend_FullStack_Assignment\\task-manager\\backend\\src\\controllers\\tasks.js": {"path":"E:\\Intershala_Assesment\\Global_Trend_FullStack_Assignment\\task-manager\\backend\\src\\controllers\\tasks.js","statementMap":{"0":{"start":{"line":1,"column":14},"end":{"line":1,"column":33}},"1":{"start":{"line":3,"column":17},"end":{"line":11,"column":1}},"2":{"start":{"line":4,"column":21},"end":{"line":4,"column":30}},"3":{"start":{"line":5,"column":14},"end":{"line":5,"column":28}},"4":{"start":{"line":7,"column":2},"end":{"line":8,"column":78}},"5":{"start":{"line":7,"column":30},"end":{"line":7,"column":71}},"6":{"start":{"line":7,"column":58},"end":{"line":7,"column":69}},"7":{"start":{"line":8,"column":7},"end":{"line":8,"column":78}},"8":{"start":{"line":8,"column":36},"end":{"line":8,"column":78}},"9":{"start":{"line":8,"column":64},"end":{"line":8,"column":76}},"10":{"start":{"line":10,"column":2},"end":{"line":10,"column":43}},"11":{"start":{"line":13,"column":19},"end":{"line":26,"column":1}},"12":{"start":{"line":14,"column":33},"end":{"line":14,"column":41}},"13":{"start":{"line":16,"column":2},"end":{"line":18,"column":3}},"14":{"start":{"line":17,"column":4},"end":{"line":17,"column":112}},"15":{"start":{"line":20,"column":2},"end":{"line":22,"column":3}},"16":{"start":{"line":21,"column":4},"end":{"line":21,"column":101}},"17":{"start":{"line":24,"column":15},"end":{"line":24,"column":51}},"18":{"start":{"line":25,"column":2},"end":{"line":25,"column":54}},"19":{"start":{"line":28,"column":19},"end":{"line":62,"column":1}},"20":{"start":{"line":29,"column":17},"end":{"line":29,"column":27}},"21":{"start":{"line":30,"column":44},"end":{"line":30,"column":52}},"22":{"start":{"line":32,"column":19},"end":{"line":32,"column":36}},"23":{"start":{"line":33,"column":2},"end":{"line":35,"column":3}},"24":{"start":{"line":34,"column":4},"end":{"line":34,"column":78}},"25":{"start":{"line":37,"column":18},"end":{"line":37,"column":20}},"26":{"start":{"line":39,"column":2},"end":{"line":44,"column":3}},"27":{"start":{"line":40,"column":4},"end":{"line":42,"column":5}},"28":{"start":{"line":41,"column":6},"end":{"line":41,"column":95}},"29":{"start":{"line":43,"column":4},"end":{"line":43,"column":34}},"30":{"start":{"line":46,"column":2},"end":{"line":54,"column":3}},"31":{"start":{"line":47,"column":4},"end":{"line":49,"column":5}},"32":{"start":{"line":48,"column":6},"end":{"line":48,"column":98}},"33":{"start":{"line":50,"column":4},"end":{"line":52,"column":5}},"34":{"start":{"line":51,"column":6},"end":{"line":51,"column":103}},"35":{"start":{"line":53,"column":4},"end":{"line":53,"column":33}},"36":{"start":{"line":56,"column":2},"end":{"line":58,"column":3}},"37":{"start":{"line":57,"column":4},"end":{"line":57,"column":45}},"38":{"start":{"line":60,"column":18},"end":{"line":60,"column":43}},"39":{"start":{"line":61,"column":2},"end":{"line":61,"column":45}},"40":{"start":{"line":64,"column":19},"end":{"line":73,"column":1}},"41":{"start":{"line":65,"column":17},"end":{"line":65,"column":27}},"42":{"start":{"line":66,"column":18},"end":{"line":66,"column":34}},"43":{"start":{"line":68,"column":2},"end":{"line":70,"column":3}},"44":{"start":{"line":69,"column":4},"end":{"line":69,"column":78}},"45":{"start":{"line":72,"column":2},"end":{"line":72,"column":56}},"46":{"start":{"line":75,"column":0},"end":{"line":75,"column":66}}},"fnMap":{"0":{"name":"(anonymous_0)","decl":{"start":{"line":3,"column":17},"end":{"line":3,"column":18}},"loc":{"start":{"line":3,"column":31},"end":{"line":11,"column":1}},"line":3},"1":{"name":"(anonymous_1)","decl":{"start":{"line":7,"column":51},"end":{"line":7,"column":52}},"loc":{"start":{"line":7,"column":58},"end":{"line":7,"column":69}},"line":7},"2":{"name":"(anonymous_2)","decl":{"start":{"line":8,"column":57},"end":{"line":8,"column":58}},"loc":{"start":{"line":8,"column":64},"end":{"line":8,"column":76}},"line":8},"3":{"name":"(anonymous_3)","decl":{"start":{"line":13,"column":19},"end":{"line":13,"column":20}},"loc":{"start":{"line":13,"column":33},"end":{"line":26,"column":1}},"line":13},"4":{"name":"(anonymous_4)","decl":{"start":{"line":28,"column":19},"end":{"line":28,"column":20}},"loc":{"start":{"line":28,"column":33},"end":{"line":62,"column":1}},"line":28},"5":{"name":"(anonymous_5)","decl":{"start":{"line":64,"column":19},"end":{"line":64,"column":20}},"loc":{"start":{"line":64,"column":33},"end":{"line":73,"column":1}},"line":64}},"branchMap":{"0":{"loc":{"start":{"line":7,"column":2},"end":{"line":8,"column":78}},"type":"if","locations":[{"start":{"line":7,"column":2},"end":{"line":8,"column":78}},{"start":{"line":8,"column":7},"end":{"line":8,"column":78}}],"line":7},"1":{"loc":{"start":{"line":8,"column":7},"end":{"line":8,"column":78}},"type":"if","locations":[{"start":{"line":8,"column":7},"end":{"line":8,"column":78}},{"start":{},"end":{}}],"line":8},"2":{"loc":{"start":{"line":16,"column":2},"end":{"line":18,"column":3}},"type":"if","locations":[{"start":{"line":16,"column":2},"end":{"line":18,"column":3}},{"start":{},"end":{}}],"line":16},"3":{"loc":{"start":{"line":16,"column":6},"end":{"line":16,"column":58}},"type":"binary-expr","locations":[{"start":{"line":16,"column":6},"end":{"line":16,"column":12}},{"start":{"line":16,"column":16},"end":{"line":16,"column":41}},{"start":{"line":16,"column":45},"end":{"line":16,"column":58}}],"line":16},"4":{"loc":{"start":{"line":20,"column":2},"end":{"line":22,"column":3}},"type":"if","locations":[{"start":{"line":20,"column":2},"end":{"line":22,"column":3}},{"start":{},"end":{}}],"line":20},"5":{"loc":{"start":{"line":33,"column":2},"end":{"line":35,"column":3}},"type":"if","locations":[{"start":{"line":33,"column":2},"end":{"line":35,"column":3}},{"start":{},"end":{}}],"line":33},"6":{"loc":{"start":{"line":39,"column":2},"end":{"line":44,"column":3}},"type":"if","locations":[{"start":{"line":39,"column":2},"end":{"line":44,"column":3}},{"start":{},"end":{}}],"line":39},"7":{"loc":{"start":{"line":40,"column":4},"end":{"line":42,"column":5}},"type":"if","locations":[{"start":{"line":40,"column":4},"end":{"line":42,"column":5}},{"start":{},"end":{}}],"line":40},"8":{"loc":{"start":{"line":46,"column":2},"end":{"line":54,"column":3}},"type":"if","locations":[{"start":{"line":46,"column":2},"end":{"line":54,"column":3}},{"start":{},"end":{}}],"line":46},"9":{"loc":{"start":{"line":47,"column":4},"end":{"line":49,"column":5}},"type":"if","locations":[{"start":{"line":47,"column":4},"end":{"line":49,"column":5}},{"start":{},"end":{}}],"line":47},"10":{"loc":{"start":{"line":47,"column":8},"end":{"line":47,"column":50}},"type":"binary-expr","locations":[{"start":{"line":47,"column":8},"end":{"line":47,"column":33}},{"start":{"line":47,"column":37},"end":{"line":47,"column":50}}],"line":47},"11":{"loc":{"start":{"line":50,"column":4},"end":{"line":52,"column":5}},"type":"if","locations":[{"start":{"line":50,"column":4},"end":{"line":52,"column":5}},{"start":{},"end":{}}],"line":50},"12":{"loc":{"start":{"line":56,"column":2},"end":{"line":58,"column":3}},"type":"if","locations":[{"start":{"line":56,"column":2},"end":{"line":58,"column":3}},{"start":{},"end":{}}],"line":56},"13":{"loc":{"start":{"line":68,"column":2},"end":{"line":70,"column":3}},"type":"if","locations":[{"start":{"line":68,"column":2},"end":{"line":70,"column":3}},{"start":{},"end":{}}],"line":68}},"s":{"0":1,"1":1,"2":3,"3":3,"4":3,"5":1,"6":2,"7":2,"8":1,"9":2,"10":3,"11":1,"12":3,"13":3,"14":2,"15":1,"16":0,"17":1,"18":1,"19":1,"20":3,"21":3,"22":3,"23":3,"24":1,"25":2,"26":2,"27":1,"28":0,"29":1,"30":2,"31":1,"32":0,"33":1,"34":0,"35":1,"36":2,"37":0,"38":2,"39":2,"40":1,"41":2,"42":2,"43":2,"44":1,"45":1,"46":1},"f":{"0":3,"1":2,"2":2,"3":3,"4":3,"5":2},"b":{"0":[1,2],"1":[1,1],"2":[2,1],"3":[3,2,2],"4":[0,1],"5":[1,2],"6":[1,1],"7":[0,1],"8":[1,1],"9":[0,1],"10":[1,1],"11":[0,1],"12":[0,2],"13":[1,1]},"_coverageSchema":"1a1c01bbd47fc00a2c39e90264f33305004495a9","hash":"17d5513f8024db1baaaf650f154c482dd5d6594c"}
,"E:\\Intershala_Assesment\\Global_Trend_FullStack_Assignment\\task-manager\\backend\\src\\middleware\\errorHandler.js": {"path":"E:\\Intershala_Assesment\\Global_Trend_FullStack_Assignment\\task-manager\\backend\\src\\middleware\\errorHandler.js","statementMap":{"0":{"start":{"line":2,"column":21},"end":{"line":5,"column":1}},"1":{"start":{"line":3,"column":2},"end":{"line":3,"column":27}},"2":{"start":{"line":4,"column":2},"end":{"line":4,"column":76}},"3":{"start":{"line":7,"column":0},"end":{"line":7,"column":30}}},"fnMap":{"0":{"name":"(anonymous_0)","decl":{"start":{"line":2,"column":21},"end":{"line":2,"column":22}},"loc":{"start":{"line":2,"column":46},"end":{"line":5,"column":1}},"line":2}},"branchMap":{},"s":{"0":1,"1":0,"2":0,"3":1},"f":{"0":0},"b":{},"_coverageSchema":"1a1c01bbd47fc00a2c39e90264f33305004495a9","hash":"e77ff777ae28e1ad5f56939ef53ceb90effbe2e9"}
,"E:\\Intershala_Assesment\\Global_Trend_FullStack_Assignment\\task-manager\\backend\\src\\routes\\tasks.js": {"path":"E:\\Intershala_Assesment\\Global_Trend_FullStack_Assignment\\task-manager\\backend\\src\\routes\\tasks.js","statementMap":{"0":{"start":{"line":1,"column":16},"end":{"line":1,"column":34}},"1":{"start":{"line":2,"column":15},"end":{"line":2,"column":31}},"2":{"start":{"line":3,"column":57},"end":{"line":3,"column":88}},"3":{"start":{"line":5,"column":0},"end":{"line":5,"column":26}},"4":{"start":{"line":6,"column":0},"end":{"line":6,"column":29}},"5":{"start":{"line":7,"column":0},"end":{"line":7,"column":33}},"6":{"start":{"line":8,"column":0},"end":{"line":8,"column":34}},"7":{"start":{"line":10,"column":0},"end":{"line":10,"column":24}}},"fnMap":{},"branchMap":{},"s":{"0":1,"1":1,"2":1,"3":1,"4":1,"5":1,"6":1,"7":1},"f":{},"b":{},"_coverageSchema":"1a1c01bbd47fc00a2c39e90264f33305004495a9","hash":"45efc55fa62ab05fdfc1b845b06a692dab30377e"}
}
