TN:
SF:src\app.js
FN:11,(anonymous_0)
FNF:1
FNH:0
FNDA:0,(anonymous_0)
DA:1,1
DA:2,1
DA:3,1
DA:4,1
DA:6,1
DA:8,1
DA:9,1
DA:11,1
DA:12,0
DA:15,1
DA:17,1
DA:19,1
LF:12
LH:11
BRF:0
BRH:0
end_of_record
TN:
SF:src\index.js
FN:6,(anonymous_0)
FNF:1
FNH:0
FNDA:0,(anonymous_0)
DA:1,0
DA:2,0
DA:4,0
DA:6,0
DA:7,0
LF:5
LH:0
BRDA:4,0,0,0
BRDA:4,0,1,0
BRF:2
BRH:0
end_of_record
TN:
SF:src\store.js
FN:7,ensureDataFile
FN:13,loadTasks
FN:22,saveTasks
FN:28,(anonymous_3)
FN:30,(anonymous_4)
FN:30,(anonymous_5)
FN:32,(anonymous_6)
FN:46,(anonymous_7)
FN:48,(anonymous_8)
FN:55,(anonymous_9)
FN:57,(anonymous_10)
FNF:11
FNH:11
FNDA:62,ensureDataFile
FNDA:40,loadTasks
FNDA:22,saveTasks
FNDA:14,(anonymous_3)
FNDA:3,(anonymous_4)
FNDA:2,(anonymous_5)
FNDA:8,(anonymous_6)
FNDA:4,(anonymous_7)
FNDA:6,(anonymous_8)
FNDA:11,(anonymous_9)
FNDA:10,(anonymous_10)
DA:1,1
DA:2,1
DA:3,1
DA:5,1
DA:8,62
DA:9,62
DA:10,62
DA:14,40
DA:15,40
DA:16,40
DA:18,0
DA:23,22
DA:24,22
DA:27,1
DA:28,14
DA:30,3
DA:33,8
DA:34,8
DA:41,8
DA:42,8
DA:43,8
DA:47,4
DA:48,6
DA:49,4
DA:50,4
DA:51,4
DA:52,4
DA:56,11
DA:57,11
DA:58,11
DA:59,10
DA:60,10
DA:61,10
DA:65,1
LF:34
LH:33
BRDA:9,0,0,0
BRDA:9,0,1,62
BRDA:10,1,0,0
BRDA:10,1,1,62
BRDA:32,2,0,8
BRDA:49,3,0,0
BRDA:49,3,1,4
BRDA:58,4,0,1
BRDA:58,4,1,10
BRF:9
BRH:6
end_of_record
TN:
SF:src\controllers\tasks.js
FN:3,(anonymous_0)
FN:7,(anonymous_1)
FN:8,(anonymous_2)
FN:13,(anonymous_3)
FN:28,(anonymous_4)
FN:64,(anonymous_5)
FNF:6
FNH:6
FNDA:3,(anonymous_0)
FNDA:2,(anonymous_1)
FNDA:2,(anonymous_2)
FNDA:3,(anonymous_3)
FNDA:3,(anonymous_4)
FNDA:2,(anonymous_5)
DA:1,1
DA:3,1
DA:4,3
DA:5,3
DA:7,3
DA:8,2
DA:10,3
DA:13,1
DA:14,3
DA:16,3
DA:17,2
DA:20,1
DA:21,0
DA:24,1
DA:25,1
DA:28,1
DA:29,3
DA:30,3
DA:32,3
DA:33,3
DA:34,1
DA:37,2
DA:39,2
DA:40,1
DA:41,0
DA:43,1
DA:46,2
DA:47,1
DA:48,0
DA:50,1
DA:51,0
DA:53,1
DA:56,2
DA:57,0
DA:60,2
DA:61,2
DA:64,1
DA:65,2
DA:66,2
DA:68,2
DA:69,1
DA:72,1
DA:75,1
LF:43
LH:38
BRDA:7,0,0,1
BRDA:7,0,1,2
BRDA:8,1,0,1
BRDA:8,1,1,1
BRDA:16,2,0,2
BRDA:16,2,1,1
BRDA:16,3,0,3
BRDA:16,3,1,2
BRDA:16,3,2,2
BRDA:20,4,0,0
BRDA:20,4,1,1
BRDA:33,5,0,1
BRDA:33,5,1,2
BRDA:39,6,0,1
BRDA:39,6,1,1
BRDA:40,7,0,0
BRDA:40,7,1,1
BRDA:46,8,0,1
BRDA:46,8,1,1
BRDA:47,9,0,0
BRDA:47,9,1,1
BRDA:47,10,0,1
BRDA:47,10,1,1
BRDA:50,11,0,0
BRDA:50,11,1,1
BRDA:56,12,0,0
BRDA:56,12,1,2
BRDA:68,13,0,1
BRDA:68,13,1,1
BRF:29
BRH:24
end_of_record
TN:
SF:src\middleware\errorHandler.js
FN:2,(anonymous_0)
FNF:1
FNH:0
FNDA:0,(anonymous_0)
DA:2,1
DA:3,0
DA:4,0
DA:7,1
LF:4
LH:2
BRF:0
BRH:0
end_of_record
TN:
SF:src\routes\tasks.js
FNF:0
FNH:0
DA:1,1
DA:2,1
DA:3,1
DA:5,1
DA:6,1
DA:7,1
DA:8,1
DA:10,1
LF:8
LH:8
BRF:0
BRH:0
end_of_record
